# JRE version: Java(TM) SE Runtime Environment (8.0_25-b18) (build 1.8.0_25-b18)
# Java VM: Java HotSpot(TM) 64-Bit Server VM (25.25-b02 mixed mode windows-amd64 compressed oops)
Heap:
 PSYoungGen      total 165376K, used 98043K [0x000000076c180000, 0x0000000778900000, 0x00000007c0000000)
  eden space 150528K, 58% used [0x000000076c180000,0x00000007716c42c0,0x0000000775480000)
  from space 14848K, 72% used [0x0000000775480000,0x0000000775efa940,0x0000000776300000)
  to   space 14848K, 0% used [0x0000000777a80000,0x0000000777a80000,0x0000000778900000)
 ParOldGen       total 203264K, used 19518K [0x00000006c4400000, 0x00000006d0a80000, 0x000000076c180000)
  object space 203264K, 9% used [0x00000006c4400000,0x00000006c570fb20,0x00000006d0a80000)
 Metaspace       used 52260K, capacity 54991K, committed 55208K, reserved 1097728K
  class space    used 6580K, capacity 7029K, committed 7088K, reserved 1048576K
GC Heap History (10 events):
Event: 7.069 GC heap before
{Heap before GC invocations=7 (full 1):
 PSYoungGen      total 132096K, used 38322K [0x000000076c180000, 0x0000000775800000, 0x00000007c0000000)
  eden space 121344K, 26% used [0x000000076c180000,0x000000076e0644d0,0x0000000773800000)
  from space 10752K, 62% used [0x0000000773a00000,0x00000007740883f8,0x0000000774480000)
  to   space 16384K, 0% used [0x0000000774800000,0x0000000774800000,0x0000000775800000)
 ParOldGen       total 121344K, used 14074K [0x00000006c4400000, 0x00000006cba80000, 0x000000076c180000)
  object space 121344K, 11% used [0x00000006c4400000,0x00000006c51be900,0x00000006cba80000)
 Metaspace       used 33413K, capacity 35379K, committed 35496K, reserved 1081344K
  class space    used 4152K, capacity 4519K, committed 4528K, reserved 1048576K
Event: 7.073 GC heap after
Heap after GC invocations=7 (full 1):
 PSYoungGen      total 138240K, used 6382K [0x000000076c180000, 0x0000000778380000, 0x00000007c0000000)
  eden space 121856K, 0% used [0x000000076c180000,0x000000076c180000,0x0000000773880000)
  from space 16384K, 38% used [0x0000000774800000,0x0000000774e3b9f8,0x0000000775800000)
  to   space 15872K, 0% used [0x0000000773880000,0x0000000773880000,0x0000000774800000)
 ParOldGen       total 121344K, used 14082K [0x00000006c4400000, 0x00000006cba80000, 0x000000076c180000)
  object space 121344K, 11% used [0x00000006c4400000,0x00000006c51c0900,0x00000006cba80000)
 Metaspace       used 33413K, capacity 35379K, committed 35496K, reserved 1081344K
  class space    used 4152K, capacity 4519K, committed 4528K, reserved 1048576K
}
Event: 7.073 GC heap before
{Heap before GC invocations=8 (full 2):
 PSYoungGen      total 138240K, used 6382K [0x000000076c180000, 0x0000000778380000, 0x00000007c0000000)
  eden space 121856K, 0% used [0x000000076c180000,0x000000076c180000,0x0000000773880000)
  from space 16384K, 38% used [0x0000000774800000,0x0000000774e3b9f8,0x0000000775800000)
  to   space 15872K, 0% used [0x0000000773880000,0x0000000773880000,0x0000000774800000)
 ParOldGen       total 121344K, used 14082K [0x00000006c4400000, 0x00000006cba80000, 0x000000076c180000)
  object space 121344K, 11% used [0x00000006c4400000,0x00000006c51c0900,0x00000006cba80000)
 Metaspace       used 33413K, capacity 35379K, committed 35496K, reserved 1081344K
  class space    used 4152K, capacity 4519K, committed 4528K, reserved 1048576K
Event: 7.155 GC heap after
Heap after GC invocations=8 (full 2):
 PSYoungGen      total 138240K, used 0K [0x000000076c180000, 0x0000000778380000, 0x00000007c0000000)
  eden space 121856K, 0% used [0x000000076c180000,0x000000076c180000,0x0000000773880000)
  from space 16384K, 0% used [0x0000000774800000,0x0000000774800000,0x0000000775800000)
  to   space 15872K, 0% used [0x0000000773880000,0x0000000773880000,0x0000000774800000)
 ParOldGen       total 203264K, used 19494K [0x00000006c4400000, 0x00000006d0a80000, 0x000000076c180000)
  object space 203264K, 9% used [0x00000006c4400000,0x00000006c57099e8,0x00000006d0a80000)
 Metaspace       used 33413K, capacity 35379K, committed 35496K, reserved 1081344K
  class space    used 4152K, capacity 4519K, committed 4528K, reserved 1048576K
}
Event: 7.812 GC heap before
{Heap before GC invocations=9 (full 2):
 PSYoungGen      total 138240K, used 121853K [0x000000076c180000, 0x0000000778380000, 0x00000007c0000000)
  eden space 121856K, 99% used [0x000000076c180000,0x000000077387f4e8,0x0000000773880000)
  from space 16384K, 0% used [0x0000000774800000,0x0000000774800000,0x0000000775800000)
  to   space 15872K, 0% used [0x0000000773880000,0x0000000773880000,0x0000000774800000)
 ParOldGen       total 203264K, used 19494K [0x00000006c4400000, 0x00000006d0a80000, 0x000000076c180000)
  object space 203264K, 9% used [0x00000006c4400000,0x00000006c57099e8,0x00000006d0a80000)
 Metaspace       used 40137K, capacity 42365K, committed 42664K, reserved 1087488K
  class space    used 5045K, capacity 5462K, committed 5552K, reserved 1048576K
Event: 7.817 GC heap after
Heap after GC invocations=9 (full 2):
 PSYoungGen      total 137728K, used 6501K [0x000000076c180000, 0x0000000777200000, 0x00000007c0000000)
  eden space 121856K, 0% used [0x000000076c180000,0x000000076c180000,0x0000000773880000)
  from space 15872K, 40% used [0x0000000773880000,0x0000000773ed9428,0x0000000774800000)
  to   space 15360K, 0% used [0x0000000776300000,0x0000000776300000,0x0000000777200000)
 ParOldGen       total 203264K, used 19502K [0x00000006c4400000, 0x00000006d0a80000, 0x000000076c180000)
  object space 203264K, 9% used [0x00000006c4400000,0x00000006c570b9e8,0x00000006d0a80000)
 Metaspace       used 40137K, capacity 42365K, committed 42664K, reserved 1087488K
  class space    used 5045K, capacity 5462K, committed 5552K, reserved 1048576K
}
Event: 8.236 GC heap before
{Heap before GC invocations=10 (full 2):
 PSYoungGen      total 137728K, used 128357K [0x000000076c180000, 0x0000000777200000, 0x00000007c0000000)
  eden space 121856K, 100% used [0x000000076c180000,0x0000000773880000,0x0000000773880000)
  from space 15872K, 40% used [0x0000000773880000,0x0000000773ed9428,0x0000000774800000)
  to   space 15360K, 0% used [0x0000000776300000,0x0000000776300000,0x0000000777200000)
 ParOldGen       total 203264K, used 19502K [0x00000006c4400000, 0x00000006d0a80000, 0x000000076c180000)
  object space 203264K, 9% used [0x00000006c4400000,0x00000006c570b9e8,0x00000006d0a80000)
 Metaspace       used 45072K, capacity 47511K, committed 47656K, reserved 1091584K
  class space    used 5715K, capacity 6155K, committed 6192K, reserved 1048576K
Event: 8.243 GC heap after
Heap after GC invocations=10 (full 2):
 PSYoungGen      total 165888K, used 8701K [0x000000076c180000, 0x0000000777400000, 0x00000007c0000000)
  eden space 150528K, 0% used [0x000000076c180000,0x000000076c180000,0x0000000775480000)
  from space 15360K, 56% used [0x0000000776300000,0x0000000776b7f720,0x0000000777200000)
  to   space 14848K, 0% used [0x0000000775480000,0x0000000775480000,0x0000000776300000)
 ParOldGen       total 203264K, used 19510K [0x00000006c4400000, 0x00000006d0a80000, 0x000000076c180000)
  object space 203264K, 9% used [0x00000006c4400000,0x00000006c570d9e8,0x00000006d0a80000)
 Metaspace       used 45072K, capacity 47511K, committed 47656K, reserved 1091584K
  class space    used 5715K, capacity 6155K, committed 6192K, reserved 1048576K
}
Event: 8.817 GC heap before
{Heap before GC invocations=11 (full 2):
 PSYoungGen      total 165888K, used 159229K [0x000000076c180000, 0x0000000777400000, 0x00000007c0000000)
  eden space 150528K, 100% used [0x000000076c180000,0x0000000775480000,0x0000000775480000)
  from space 15360K, 56% used [0x0000000776300000,0x0000000776b7f720,0x0000000777200000)
  to   space 14848K, 0% used [0x0000000775480000,0x0000000775480000,0x0000000776300000)
 ParOldGen       total 203264K, used 19510K [0x00000006c4400000, 0x00000006d0a80000, 0x000000076c180000)
  object space 203264K, 9% used [0x00000006c4400000,0x00000006c570db20,0x00000006d0a80000)
 Metaspace       used 49963K, capacity 52479K, committed 52904K, reserved 1095680K
  class space    used 6296K, capacity 6719K, committed 6832K, reserved 1048576K
Event: 8.826 GC heap after
Heap after GC invocations=11 (full 2):
 PSYoungGen      total 165376K, used 10730K [0x000000076c180000, 0x0000000778900000, 0x00000007c0000000)
  eden space 150528K, 0% used [0x000000076c180000,0x000000076c180000,0x0000000775480000)
  from space 14848K, 72% used [0x0000000775480000,0x0000000775efa940,0x0000000776300000)
  to   space 14848K, 0% used [0x0000000777a80000,0x0000000777a80000,0x0000000778900000)
 ParOldGen       total 203264K, used 19518K [0x00000006c4400000, 0x00000006d0a80000, 0x000000076c180000)
  object space 203264K, 9% used [0x00000006c4400000,0x00000006c570fb20,0x00000006d0a80000)
 Metaspace       used 49963K, capacity 52479K, committed 52904K, reserved 1095680K
  class space    used 6296K, capacity 6719K, committed 6832K, reserved 1048576K
}

